<?xml version="1.0" encoding="UTF-8"?>
<!-- Generated by org.testng.reporters.JUnitReportReporter -->
<testsuite hostname="LAPTOP-7D4JOF4H" failures="0" tests="5" name="test.LoginPageTest" time="57.852" errors="0" timestamp="2024-04-29T21:53:28 IST" skipped="0">
  <testcase classname="test.LoginPageTest" name="verifyLoginPageTitle" time="14.776"/>
  <system-out/>
  <testcase classname="test.LoginPageTest" name="verifyUserLoginWithValidCredentials" time="10.019"/>
  <system-out/>
  <testcase classname="test.LoginPageTest" name="verifyErrorMessageWhileLoginWithInvalidCredentials" time="11.341"/>
  <system-out/>
  <testcase classname="test.LoginPageTest" name="verifyErrorMessageWhileLoginWithInvalidCredentials" time="10.483"/>
  <system-out/>
  <testcase classname="test.LoginPageTest" name="verifyErrorMessageWhileLoginWithInvalidCredentials" time="11.233"/>
  <system-out/>
</testsuite> <!-- test.LoginPageTest -->
