<?xml version="1.0" encoding="UTF-8"?>
<!-- Generated by org.testng.reporters.JUnitReportReporter -->
<testsuite hostname="LAPTOP-7D4JOF4H" failures="0" tests="3" name="test.AddUserPageTest" time="60.915" errors="0" timestamp="2024-04-29T21:53:28 IST" skipped="0">
  <testcase classname="test.AddUserPageTest" name="verifyAddUserPageTitle" time="14.947"/>
  <system-out/>
  <testcase classname="test.AddUserPageTest" name="verifyAddUser" time="18.940"/>
  <system-out/>
  <testcase classname="test.AddUserPageTest" name="verifyUserLoginWithNewlyAddedUsers" time="27.028"/>
  <system-out/>
</testsuite> <!-- test.AddUserPageTest -->
