<?xml version="1.0" encoding="UTF-8"?>
<!-- Generated by org.testng.reporters.JUnitReportReporter -->
<testsuite hostname="LAPTOP-7D4JOF4H" failures="0" tests="1" name="test.AddUserPageTest" time="30.157" errors="0" timestamp="2024-04-24T22:40:07 IST" skipped="0">
  <testcase classname="test.AddUserPageTest" name="verifyUserLoginWithNewlyAddedUsers" time="30.157"/>
  <system-out/>
</testsuite> <!-- test.AddUserPageTest -->
