<?xml version="1.0" encoding="UTF-8"?>
<!-- Generated by org.testng.reporters.JUnitReportReporter -->
<testsuite hostname="LAPTOP-7D4JOF4H" failures="0" tests="1" name="test.LoginPageTest" time="23.220" errors="0" timestamp="2024-04-21T09:59:43 IST" skipped="0">
  <testcase classname="test.LoginPageTest" name="verifyUserLoginWithValidCredentials" time="23.220"/>
  <system-out/>
</testsuite> <!-- test.LoginPageTest -->
