<?xml version="1.0" encoding="UTF-8"?>
<!-- Generated by org.testng.reporters.JUnitReportReporter -->
<testsuite hostname="LAPTOP-7D4JOF4H" failures="0" tests="5" name="test.LoginPageTest" time="83.901" errors="0" timestamp="2024-05-03T06:49:27 IST" skipped="0">
  <testcase classname="test.LoginPageTest" name="verifyLoginPageTitle" time="36.278"/>
  <system-out/>
  <testcase classname="test.LoginPageTest" name="verifyUserLoginWithValidCredentials" time="14.873"/>
  <system-out/>
  <testcase classname="test.LoginPageTest" name="verifyErrorMessageWhileLoginWithInvalidCredentials" time="11.902"/>
  <system-out/>
  <testcase classname="test.LoginPageTest" name="verifyErrorMessageWhileLoginWithInvalidCredentials" time="9.201"/>
  <system-out/>
  <testcase classname="test.LoginPageTest" name="verifyErrorMessageWhileLoginWithInvalidCredentials" time="11.647"/>
  <system-out/>
</testsuite> <!-- test.LoginPageTest -->
