<?xml version="1.0" encoding="UTF-8"?>
<!-- Generated by org.testng.reporters.JUnitReportReporter -->
<testsuite hostname="LAPTOP-7D4JOF4H" failures="0" tests="5" name="test.LoginPageTest" time="113.497" errors="0" timestamp="2024-05-02T21:37:37 IST" skipped="0">
  <testcase classname="test.LoginPageTest" name="verifyLoginPageTitle" time="45.055"/>
  <system-out/>
  <testcase classname="test.LoginPageTest" name="verifyUserLoginWithValidCredentials" time="21.942"/>
  <system-out/>
  <testcase classname="test.LoginPageTest" name="verifyErrorMessageWhileLoginWithInvalidCredentials" time="13.531"/>
  <system-out/>
  <testcase classname="test.LoginPageTest" name="verifyErrorMessageWhileLoginWithInvalidCredentials" time="18.605"/>
  <system-out/>
  <testcase classname="test.LoginPageTest" name="verifyErrorMessageWhileLoginWithInvalidCredentials" time="14.364"/>
  <system-out/>
</testsuite> <!-- test.LoginPageTest -->
