<?xml version="1.0" encoding="UTF-8"?>
<!-- Generated by org.testng.reporters.JUnitReportReporter -->
<testsuite hostname="LAPTOP-7D4JOF4H" failures="0" tests="2" name="test.HomePageTest" time="32.111" errors="0" timestamp="2024-05-03T06:49:26 IST" skipped="0">
  <testcase classname="test.HomePageTest" name="verifyHomePageTitle" time="13.026"/>
  <system-out/>
  <testcase classname="test.HomePageTest" name="verifyUserLoginDate" time="19.085"/>
  <system-out/>
</testsuite> <!-- test.HomePageTest -->
