<?xml version="1.0" encoding="UTF-8"?>
<!-- Generated by org.testng.reporters.JUnitReportReporter -->
<testsuite hostname="LAPTOP-7D4JOF4H" failures="0" tests="3" name="test.UserManagementPageTest" time="42.905" errors="0" timestamp="2024-04-28T11:50:42 IST" skipped="0">
  <testcase classname="test.UserManagementPageTest" name="verifyUsersManagementOption" time="13.414"/>
  <system-out/>
  <testcase classname="test.UserManagementPageTest" name="verifyRolesManagementOption" time="15.801"/>
  <system-out/>
  <testcase classname="test.UserManagementPageTest" name="verifySalesManagementOption" time="13.690"/>
  <system-out/>
</testsuite> <!-- test.UserManagementPageTest -->
