<?xml version="1.0" encoding="UTF-8"?>
<!-- Generated by org.testng.reporters.JUnitReportReporter -->
<testsuite hostname="LAPTOP-7D4JOF4H" failures="0" tests="3" name="test.UserManagementPageTest" time="32.863" errors="0" timestamp="2024-05-03T06:49:27 IST" skipped="0">
  <testcase classname="test.UserManagementPageTest" name="verifyUsersManagementOption" time="9.828"/>
  <system-out/>
  <testcase classname="test.UserManagementPageTest" name="verifyRolesManagementOption" time="10.538"/>
  <system-out/>
  <testcase classname="test.UserManagementPageTest" name="verifySalesManagementOption" time="12.497"/>
  <system-out/>
</testsuite> <!-- test.UserManagementPageTest -->
