<?xml version="1.0" encoding="UTF-8"?>
<!-- Generated by org.testng.reporters.JUnitReportReporter -->
<testsuite hostname="LAPTOP-7D4JOF4H" failures="0" tests="5" name="test.LoginPageTest" time="69.907" errors="0" timestamp="2024-04-28T12:04:30 IST" skipped="0">
  <testcase classname="test.LoginPageTest" name="verifyLoginPageTitle" time="11.755"/>
  <system-out/>
  <testcase classname="test.LoginPageTest" name="verifyUserLoginWithValidCredentials" time="19.651"/>
  <system-out/>
  <testcase classname="test.LoginPageTest" name="verifyErrorMessageWhileLoginWithInvalidCredentials" time="11.056"/>
  <system-out/>
  <testcase classname="test.LoginPageTest" name="verifyErrorMessageWhileLoginWithInvalidCredentials" time="16.135"/>
  <system-out/>
  <testcase classname="test.LoginPageTest" name="verifyErrorMessageWhileLoginWithInvalidCredentials" time="11.310"/>
  <system-out/>
</testsuite> <!-- test.LoginPageTest -->
