<?xml version="1.0" encoding="UTF-8"?>
<!-- Generated by org.testng.reporters.JUnitReportReporter -->
<testsuite hostname="LAPTOP-7D4JOF4H" failures="0" tests="2" name="test.ResetPageTest" time="9.330" errors="0" timestamp="2024-05-02T21:37:37 IST" skipped="1">
  <testcase classname="test.ResetPageTest" name="verifyResetPageTitle" time="9.330"/>
  <system-out/>
  <testcase classname="test.ResetPageTest" name="verifyErrorMessageWithInvalidEmailId">
    <skipped/>
  </testcase> <!-- verifyErrorMessageWithInvalidEmailId -->
  <system-out/>
</testsuite> <!-- test.ResetPageTest -->
