<?xml version="1.0" encoding="UTF-8"?>
<!-- Generated by org.testng.reporters.JUnitReportReporter -->
<testsuite hostname="LAPTOP-7D4JOF4H" failures="0" tests="5" name="test.LoginPageTest" time="80.245" errors="0" timestamp="2024-04-25T10:37:18 IST" skipped="0">
  <testcase classname="test.LoginPageTest" name="verifyErrorMessageWhileLoginWithInvalidCredentials" time="27.480"/>
  <system-out/>
  <testcase classname="test.LoginPageTest" name="verifyLoginPageTitle" time="12.646"/>
  <system-out/>
  <testcase classname="test.LoginPageTest" name="verifyUserLoginWithValidCredentials" time="16.217"/>
  <system-out/>
  <testcase classname="test.LoginPageTest" name="verifyErrorMessageWhileLoginWithInvalidCredentials" time="8.733"/>
  <system-out/>
  <testcase classname="test.LoginPageTest" name="verifyErrorMessageWhileLoginWithInvalidCredentials" time="15.169"/>
  <system-out/>
</testsuite> <!-- test.LoginPageTest -->
