<?xml version="1.0" encoding="UTF-8"?>
<!-- Generated by org.testng.reporters.JUnitReportReporter -->
<testsuite hostname="LAPTOP-7D4JOF4H" failures="0" tests="3" name="test.AddUserPageTest" time="120.195" errors="0" timestamp="2024-04-29T11:59:39 IST" skipped="0">
  <testcase classname="test.AddUserPageTest" name="verifyAddUserPageTitle" time="30.339"/>
  <system-out/>
  <testcase classname="test.AddUserPageTest" name="verifyAddUser" time="25.760"/>
  <system-out/>
  <testcase classname="test.AddUserPageTest" name="verifyUserLoginWithNewlyAddedUsers" time="64.096"/>
  <system-out/>
</testsuite> <!-- test.AddUserPageTest -->
