<?xml version="1.0" encoding="UTF-8"?>
<!-- Generated by org.testng.reporters.JUnitReportReporter -->
<testsuite hostname="LAPTOP-7D4JOF4H" failures="0" tests="3" name="test.UserManagementPageTest" time="52.179" errors="0" timestamp="2024-04-29T10:55:46 IST" skipped="0">
  <testcase classname="test.UserManagementPageTest" name="verifyUsersManagementOption" time="15.807"/>
  <system-out/>
  <testcase classname="test.UserManagementPageTest" name="verifyRolesManagementOption" time="17.449"/>
  <system-out/>
  <testcase classname="test.UserManagementPageTest" name="verifySalesManagementOption" time="18.923"/>
  <system-out/>
</testsuite> <!-- test.UserManagementPageTest -->
