<?xml version="1.0" encoding="UTF-8"?>
<!-- Generated by org.testng.reporters.JUnitReportReporter -->
<testsuite hostname="LAPTOP-7D4JOF4H" failures="0" tests="1" name="test.UsersManagePageTest" time="12.504" errors="0" timestamp="2024-04-22T08:00:17 IST" skipped="0">
  <testcase classname="test.UsersManagePageTest" name="verifyUsersManagePageTitle" time="12.504"/>
  <system-out/>
</testsuite> <!-- test.UsersManagePageTest -->
