<?xml version="1.0" encoding="UTF-8"?>
<!-- Generated by org.testng.reporters.JUnitReportReporter -->
<testsuite hostname="LAPTOP-7D4JOF4H" failures="0" tests="1" name="test.AddUserPageTest" time="46.329" errors="0" timestamp="2024-04-24T23:11:16 IST" skipped="0">
  <testcase classname="test.AddUserPageTest" name="verifyAddUserPageTitle" time="46.329"/>
  <system-out/>
</testsuite> <!-- test.AddUserPageTest -->
