<?xml version="1.0" encoding="UTF-8"?>
<!-- Generated by org.testng.reporters.JUnitReportReporter -->
<testsuite hostname="LAPTOP-7D4JOF4H" failures="0" tests="2" name="test.ResetPageTest" time="10.850" errors="0" timestamp="2024-04-29T21:53:28 IST" skipped="1">
  <testcase classname="test.ResetPageTest" name="verifyResetPageTitle" time="10.850"/>
  <system-out/>
  <testcase classname="test.ResetPageTest" name="verifyErrorMessageWithInvalidEmailId">
    <skipped/>
  </testcase> <!-- verifyErrorMessageWithInvalidEmailId -->
  <system-out/>
</testsuite> <!-- test.ResetPageTest -->
