<?xml version="1.0" encoding="UTF-8"?>
<!-- Generated by org.testng.reporters.JUnitReportReporter -->
<testsuite hostname="LAPTOP-7D4JOF4H" failures="0" tests="2" name="test.HomePageTest" time="32.479" errors="0" timestamp="2024-04-29T10:55:46 IST" skipped="0">
  <testcase classname="test.HomePageTest" name="verifyHomePageTitle" time="16.621"/>
  <system-out/>
  <testcase classname="test.HomePageTest" name="verifyUserLoginDate" time="15.858"/>
  <system-out/>
</testsuite> <!-- test.HomePageTest -->
