<?xml version="1.0" encoding="UTF-8"?>
<!-- Generated by org.testng.reporters.JUnitReportReporter -->
<testsuite hostname="LAPTOP-7D4JOF4H" failures="0" tests="3" name="test.AddUserPageTest" time="64.916" errors="0" timestamp="2024-05-03T06:49:27 IST" skipped="0">
  <testcase classname="test.AddUserPageTest" name="verifyAddUserPageTitle" time="15.496"/>
  <system-out/>
  <testcase classname="test.AddUserPageTest" name="verifyAddUser" time="17.539"/>
  <system-out/>
  <testcase classname="test.AddUserPageTest" name="verifyUserLoginWithNewlyAddedUsers" time="31.881"/>
  <system-out/>
</testsuite> <!-- test.AddUserPageTest -->
