<?xml version="1.0" encoding="UTF-8"?>
<!-- Generated by org.testng.reporters.JUnitReportReporter -->
<testsuite hostname="LAPTOP-7D4JOF4H" failures="0" tests="2" name="test.HomePageTest" time="45.052" errors="0" timestamp="2024-04-28T11:38:14 IST" skipped="0">
  <testcase classname="test.HomePageTest" name="verifyHomePageTitle" time="26.179"/>
  <system-out/>
  <testcase classname="test.HomePageTest" name="verifyUserLoginDate" time="18.873"/>
  <system-out/>
</testsuite> <!-- test.HomePageTest -->
