<?xml version="1.0" encoding="UTF-8"?>
<!-- Generated by org.testng.reporters.JUnitReportReporter -->
<testsuite hostname="LAPTOP-7D4JOF4H" failures="0" tests="3" name="test.AddUserPageTest" time="66.419" errors="0" timestamp="2024-05-02T21:37:37 IST" skipped="0">
  <testcase classname="test.AddUserPageTest" name="verifyAddUserPageTitle" time="18.052"/>
  <system-out/>
  <testcase classname="test.AddUserPageTest" name="verifyAddUser" time="20.892"/>
  <system-out/>
  <testcase classname="test.AddUserPageTest" name="verifyUserLoginWithNewlyAddedUsers" time="27.475"/>
  <system-out/>
</testsuite> <!-- test.AddUserPageTest -->
