<?xml version="1.0" encoding="UTF-8"?>
<!-- Generated by org.testng.reporters.JUnitReportReporter -->
<testsuite hostname="LAPTOP-7D4JOF4H" failures="0" tests="2" name="test.ResetPageTest" time="21.829" errors="0" timestamp="2024-04-29T10:55:46 IST" skipped="1">
  <testcase classname="test.ResetPageTest" name="verifyResetPageTitle" time="21.829"/>
  <system-out/>
  <testcase classname="test.ResetPageTest" name="verifyErrorMessageWithInvalidEmailId">
    <skipped/>
  </testcase> <!-- verifyErrorMessageWithInvalidEmailId -->
  <system-out/>
</testsuite> <!-- test.ResetPageTest -->
