<?xml version="1.0" encoding="UTF-8"?>
<!-- Generated by org.testng.reporters.JUnitReportReporter -->
<testsuite hostname="LAPTOP-7D4JOF4H" failures="0" tests="1" name="test.UsersPageTest" time="13.615" errors="0" timestamp="2024-05-02T21:37:37 IST" skipped="0">
  <testcase classname="test.UsersPageTest" name="verifyUsersManagePageTitle" time="13.615"/>
  <system-out/>
</testsuite> <!-- test.UsersPageTest -->
