<?xml version="1.0" encoding="UTF-8"?>
<!-- Generated by org.testng.reporters.JUnitReportReporter -->
<testsuite hostname="LAPTOP-7D4JOF4H" failures="0" tests="2" name="test.HomePageTest" time="36.942" errors="0" timestamp="2024-05-02T21:37:37 IST" skipped="0">
  <testcase classname="test.HomePageTest" name="verifyHomePageTitle" time="20.916"/>
  <system-out/>
  <testcase classname="test.HomePageTest" name="verifyUserLoginDate" time="16.026"/>
  <system-out/>
</testsuite> <!-- test.HomePageTest -->
