<?xml version="1.0" encoding="UTF-8"?>
<!-- Generated by org.testng.reporters.JUnitReportReporter -->
<testsuite hostname="LAPTOP-7D4JOF4H" failures="0" tests="2" name="test.HomePageTest" time="59.019" errors="0" timestamp="2024-04-29T12:56:05 IST" skipped="0">
  <testcase classname="test.HomePageTest" name="verifyHomePageTitle" time="27.975"/>
  <system-out/>
  <testcase classname="test.HomePageTest" name="verifyUserLoginDate" time="31.044"/>
  <system-out/>
</testsuite> <!-- test.HomePageTest -->
